<?xml version="1.0" encoding="UTF-8"?>
<!-- Generated by org.testng.reporters.JUnitReportReporter -->
<testsuite skipped="0" hostname="DESKTOP-1CT865P" name="com.project_Redbus.testcases.TC_SearchBus" tests="2" failures="0" timestamp="2020-07-04T19:07:24 IST" time="104.722" errors="0">
  <testcase name="getBuses1" time="61.554" classname="com.project_Redbus.testcases.TC_SearchBus"/>
  <testcase name="getBuses1" time="43.168" classname="com.project_Redbus.testcases.TC_SearchBus"/>
</testsuite> <!-- com.project_Redbus.testcases.TC_SearchBus -->
