<?xml version="1.0" encoding="UTF-8"?>
<!-- Generated by org.testng.reporters.JUnitReportReporter -->
<testsuite skipped="0" hostname="DESKTOP-1CT865P" name="com.project_Redbus.testcases.TC_SearchBus" tests="2" failures="0" timestamp="2020-07-05T17:52:01 IST" time="147.862" errors="0">
  <testcase name="getBuses1" time="68.438" classname="com.project_Redbus.testcases.TC_SearchBus"/>
  <testcase name="getBuses1" time="79.424" classname="com.project_Redbus.testcases.TC_SearchBus"/>
</testsuite> <!-- com.project_Redbus.testcases.TC_SearchBus -->
