<?xml version="1.0" encoding="UTF-8"?>
<!-- Generated by org.testng.reporters.JUnitReportReporter -->
<testsuite skipped="0" hostname="DESKTOP-1CT865P" name="com.project.testcases.CalorieCalculatorTestCaseEx" tests="4" failures="0" timestamp="14 Jun 2020 15:44:42 GMT" time="9.670" errors="0">
  <testcase name="EnterCalorieDetails" time="2.897" classname="com.project.testcases.CalorieCalculatorTestCaseEx"/>
  <testcase name="EnterCalorieDetails" time="2.103" classname="com.project.testcases.CalorieCalculatorTestCaseEx"/>
  <testcase name="EnterCalorieDetails" time="2.300" classname="com.project.testcases.CalorieCalculatorTestCaseEx"/>
  <testcase name="EnterCalorieDetails" time="2.370" classname="com.project.testcases.CalorieCalculatorTestCaseEx"/>
</testsuite> <!-- com.project.testcases.CalorieCalculatorTestCaseEx -->
