<?xml version="1.0" encoding="UTF-8"?>
<!-- Generated by org.testng.reporters.JUnitReportReporter -->
<testsuite skipped="0" hostname="DESKTOP-1CT865P" name="com.project.testcases.CalorieCalculatorTestCaseExcel" tests="4" failures="0" timestamp="14 Jun 2020 13:26:38 GMT" time="18.787" errors="0">
  <testcase name="EnterCalorieDetails" time="4.481" classname="com.project.testcases.CalorieCalculatorTestCaseExcel"/>
  <testcase name="EnterCalorieDetails" time="4.745" classname="com.project.testcases.CalorieCalculatorTestCaseExcel"/>
  <testcase name="EnterCalorieDetails" time="4.754" classname="com.project.testcases.CalorieCalculatorTestCaseExcel"/>
  <testcase name="EnterCalorieDetails" time="4.807" classname="com.project.testcases.CalorieCalculatorTestCaseExcel"/>
</testsuite> <!-- com.project.testcases.CalorieCalculatorTestCaseExcel -->
