<?xml version="1.0" encoding="UTF-8"?>
<!-- Generated by org.testng.reporters.JUnitReportReporter -->
<testsuite skipped="0" hostname="DESKTOP-1CT865P" name="com.project.testcases.CalorieCalculatorTestCase" tests="1" failures="0" timestamp="14 Jun 2020 08:46:16 GMT" time="25.428" errors="0">
  <testcase name="EnterCalorieDetails" time="25.428" classname="com.project.testcases.CalorieCalculatorTestCase"/>
</testsuite> <!-- com.project.testcases.CalorieCalculatorTestCase -->
