<?xml version="1.0" encoding="UTF-8"?>
<!-- Generated by org.testng.reporters.JUnitReportReporter -->
<testsuite skipped="0" hostname="DESKTOP-1CT865P" name="com.annotations.TestAnnotations" tests="2" failures="0" timestamp="11 Jun 2020 10:32:27 GMT" time="27.538" errors="0">
  <testcase name="facebook" time="18.238" classname="com.annotations.TestAnnotations"/>
  <testcase name="amazon" time="9.300" classname="com.annotations.TestAnnotations"/>
</testsuite> <!-- com.annotations.TestAnnotations -->
