<?xml version="1.0" encoding="UTF-8"?>
<!-- Generated by org.testng.reporters.JUnitReportReporter -->
<testsuite skipped="0" hostname="DESKTOP-1CT865P" name="com.annotations.DataProvider1" tests="2" failures="0" timestamp="12 Jun 2020 12:48:39 GMT" time="0.018" errors="0">
  <testcase name="LoginTestCase" time="0.012" classname="com.annotations.DataProvider1"/>
  <testcase name="LoginTestCase" time="0.006" classname="com.annotations.DataProvider1"/>
</testsuite> <!-- com.annotations.DataProvider1 -->
