<?xml version="1.0" encoding="UTF-8"?>
<!-- Generated by org.testng.reporters.JUnitReportReporter -->
<testsuite skipped="0" hostname="DESKTOP-1CT865P" name="com.annotations.Assertions" tests="3" failures="0" timestamp="13 Jun 2020 12:51:49 GMT" time="38.691" errors="0">
  <testcase name="Facebook" time="9.317" classname="com.annotations.Assertions"/>
  <testcase name="Launch" time="9.329" classname="com.annotations.Assertions"/>
  <testcase name="Login" time="20.045" classname="com.annotations.Assertions"/>
</testsuite> <!-- com.annotations.Assertions -->
