<?xml version="1.0" encoding="UTF-8"?>
<!-- Generated by org.testng.reporters.JUnitReportReporter -->
<testsuite skipped="0" hostname="DESKTOP-1CT865P" name="com.annotations.Annotations1" tests="2" failures="0" timestamp="10 Jun 2020 14:04:05 GMT" time="0.014" errors="0">
  <testcase name="T1" time="0.009" classname="com.annotations.Annotations1"/>
  <testcase name="T2" time="0.005" classname="com.annotations.Annotations1"/>
</testsuite> <!-- com.annotations.Annotations1 -->
