<?xml version="1.0" encoding="UTF-8"?>
<!-- Generated by org.testng.reporters.JUnitReportReporter -->
<testsuite skipped="0" hostname="DESKTOP-1CT865P" name="com.annotations.AssertionsDemo" tests="1" failures="0" timestamp="13 Jun 2020 09:55:45 GMT" time="16.902" errors="0">
  <testcase name="Launch" time="16.902" classname="com.annotations.AssertionsDemo"/>
</testsuite> <!-- com.annotations.AssertionsDemo -->
