<?xml version="1.0" encoding="UTF-8"?>
<!-- Generated by org.testng.reporters.JUnitReportReporter -->
<testsuite skipped="0" hostname="DESKTOP-1CT865P" name="com.annotations.Annotations2" tests="1" failures="0" timestamp="10 Jun 2020 14:04:05 GMT" time="0.002" errors="0">
  <testcase name="test3" time="0.002" classname="com.annotations.Annotations2"/>
</testsuite> <!-- com.annotations.Annotations2 -->
