<?xml version="1.0" encoding="UTF-8"?>
<!-- Generated by org.testng.reporters.JUnitReportReporter -->
<testsuite skipped="0" hostname="DESKTOP-1CT865P" name="com.project.testcases.CalorieCalculatorEmbeddedTC" tests="4" failures="0" timestamp="16 Jun 2020 10:00:17 GMT" time="25.618" errors="0">
  <testcase name="EnterCalorieDetails" time="7.060" classname="com.project.testcases.CalorieCalculatorEmbeddedTC"/>
  <testcase name="EnterCalorieDetails" time="6.240" classname="com.project.testcases.CalorieCalculatorEmbeddedTC"/>
  <testcase name="EnterCalorieDetails" time="6.551" classname="com.project.testcases.CalorieCalculatorEmbeddedTC"/>
  <testcase name="EnterCalorieDetails" time="5.767" classname="com.project.testcases.CalorieCalculatorEmbeddedTC"/>
</testsuite> <!-- com.project.testcases.CalorieCalculatorEmbeddedTC -->
