<?xml version="1.0" encoding="UTF-8"?>
<!-- Generated by org.testng.reporters.JUnitReportReporter -->
<testsuite skipped="0" hostname="DESKTOP-1CT865P" name="com.project.testcases.CalorieCalculatorPageTestCase" tests="1" failures="0" timestamp="15 Jun 2020 21:20:37 GMT" time="24.368" errors="0">
  <testcase name="CalorieCalculatorPageTestCase" time="24.368" classname="com.project.testcases.CalorieCalculatorPageTestCase"/>
</testsuite> <!-- com.project.testcases.CalorieCalculatorPageTestCase -->
