<?xml version="1.0" encoding="UTF-8"?>
<!-- Generated by org.testng.reporters.JUnitReportReporter -->
<testsuite skipped="0" hostname="DESKTOP-1CT865P" name="com.annotations.GroupsOfGroups" tests="4" failures="0" timestamp="12 Jun 2020 09:59:02 GMT" time="0.061" errors="0">
  <testcase name="testWindowsToo" time="0.011" classname="com.annotations.GroupsOfGroups"/>
  <testcase name="testWindowsOnly" time="0.009" classname="com.annotations.GroupsOfGroups"/>
  <testcase name="testLinuxToo" time="0.005" classname="com.annotations.GroupsOfGroups"/>
  <testcase name="testLinuxOnly" time="0.036" classname="com.annotations.GroupsOfGroups"/>
</testsuite> <!-- com.annotations.GroupsOfGroups -->
